#
# A fatal error has been detected by the Java Runtime Environment:
#
#  SIGSEGV (0xb) at pc=0x00007fbd224ca277, pid=22672, tid=22694
#
# JRE version: OpenJDK Runtime Environment (11.0.3+12) (build 11.0.3+12-b304.56)
# Java VM: OpenJDK 64-Bit Server VM (11.0.3+12-b304.56, mixed mode, tiered, compressed oops, concurrent mark sweep gc, linux-amd64)
# Problematic frame:
# C  [libc.so.6+0x47277]
#
# No core dump will be written. Core dumps have been disabled. To enable core dumping, try "ulimit -c unlimited" before starting Java again
#
# If you would like to submit a bug report, please visit:
#   http://bugreport.java.com/bugreport/crash.jsp
# The crash happened outside the Java Virtual Machine in native code.
# See problematic frame for where to report the bug.
#

---------------  S U M M A R Y ------------

Command Line: -Xms128m -Xmx984m -XX:ReservedCodeCacheSize=240m -XX:+UseConcMarkSweepGC -XX:SoftRefLRUPolicyMSPerMB=50 -ea -XX:CICompilerCount=2 -Dsun.io.useCanonPrefixCache=false -Djava.net.preferIPv4Stack=true -Djdk.http.auth.tunneling.disabledSchemes="" -XX:+HeapDumpOnOutOfMemoryError -XX:-OmitStackTraceInFastThrow -Djdk.attach.allowAttachSelf -Dkotlinx.coroutines.debug=off -Djdk.module.illegalAccess.silent=true -Dawt.useSystemAAFontSettings=lcd -Dsun.java2d.renderer=sun.java2d.marlin.MarlinRenderingEngine -Dsun.tools.attach.tmp.only=true -Dide.no.platform.update=true -XX:ErrorFile=/home/daniel/java_error_in_IDEA_%p.log -XX:HeapDumpPath=/home/daniel/java_error_in_IDEA.hprof -Didea.paths.selector=IntelliJIdea2019.2 -Djb.vmOptionsFile=/home/daniel/.local/share/JetBrains/Toolbox/apps/IDEA-U/ch-0/192.6603.28.vmoptions -Didea.jre.check=true com.intellij.idea.Main

Host: Intel(R) Core(TM) i5-4210U CPU @ 1.70GHz, 